\BOOKMARK [1][-]{section.1}{\376\377\000T\000u\000r\000b\000i\000n\000a\000\040\000P\000e\000l\000t\000o\000n\000\040\000o\000t\000t\000i\000m\000i\000z\000z\000a\000t\000a}{}% 1
\BOOKMARK [1][-]{section.2}{\376\377\000R\000E\000N\000D\000I\000M\000E\000N\000T\000O\000\040\000P\000E\000L\000T\000O\000N}{}% 2
\BOOKMARK [1][-]{section.3}{\376\377\000P\000a\000l\000e\000t\000t\000a\000t\000u\000r\000a\000\040\000p\000e\000l\000t\000o\000n}{}% 3
\BOOKMARK [1][-]{section.4}{\376\377\000G\000e\000n\000e\000r\000i\000c\000o\000\040\000t\000r\000i\000a\000n\000g\000o\000l\000o\000\040\000F\000r\000a\000n\000c\000i\000s}{}% 4
\BOOKMARK [1][-]{section.5}{\376\377\000T\000u\000b\000o\000\040\000D\000i\000f\000f\000u\000s\000o\000r\000e\000\040\0001}{}% 5
\BOOKMARK [1][-]{section.6}{\376\377\000T\000U\000B\000O\000\040\000D\000i\000f\000f\000u\000s\000o\000r\000e\000\040\0002}{}% 6
\BOOKMARK [1][-]{section.7}{\376\377\000T\000r\000i\000a\000n\000g\000o\000l\000i\000\040\000d\000i\000\040\000v\000e\000l\000o\000c\000i\000t\000\340\000\040\000e\000\040\000p\000o\000r\000t\000a\000t\000a}{}% 7
\BOOKMARK [1][-]{section.8}{\376\377\000I\000m\000p\000i\000a\000n\000t\000o\000\040\000p\000e\000l\000t\000o\000n}{}% 8
\BOOKMARK [1][-]{section.9}{\376\377\000T\000r\000i\000a\000n\000g\000o\000l\000i\000\040\000K\000a\000p\000l\000a\000n}{}% 9
\BOOKMARK [1][-]{section.10}{\376\377\000g\000e\000n\000e\000r\000i\000c\000o\000\040\000t\000r\000i\000a\000n\000g\000o\000l\000o\000\040\000d\000i\000\040\000v\000e\000l\000o\000c\000i\000t\000\340}{}% 10
\BOOKMARK [1][-]{section.11}{\376\377\000T\000r\000i\000a\000n\000g\000o\000l\000o\000\040\000i\000n\000\040\000u\000s\000c\000i\000t\000a}{}% 11
\BOOKMARK [1][-]{section.12}{\376\377\000F\000o\000r\000m\000a\000\040\000d\000e\000l\000l\000a\000\040\000g\000e\000n\000e\000r\000i\000c\000a\000\040\000p\000a\000l\000e\000t\000t\000a\000t\000u\000r\000a\000\040}{}% 12
\BOOKMARK [1][-]{section.13}{\376\377\000p\000a\000l\000e\000t\000t\000a\000t\000u\000r\000a\000\040\000p\000e\000r\000\040\000R\000=\0000}{}% 13
\BOOKMARK [1][-]{section.14}{\376\377\000A\000N\000A\000L\000I\000S\000I\000\040\000T\000E\000R\000M\000O\000D\000I\000N\000A\000M\000I\000C\000A}{}% 14
\BOOKMARK [1][-]{section.15}{\376\377\000S\000t\000a\000d\000i\000o\000\040\000R\000a\000t\000e\000a\000u}{}% 15
\BOOKMARK [1][-]{section.16}{\376\377\000t\000r\000i\000a\000n\000g\000o\000l\000i\000\040\000d\000i\000\040\000v\000e\000l\000o\000c\000i\000t\000\340\000\040\000r\000a\000t\000e\000a\000u}{}% 16
\BOOKMARK [1][-]{section.17}{\376\377\000\040\000t\000r\000i\000a\000n\000g\000o\000l\000i\000\040\000d\000i\000\040\000v\000e\000l\000o\000c\000i\000t\000\340\000\040\000r\000a\000t\000e\000a\000u\000\040\000o\000t\000t\000i\000m\000i\000z\000z\000a\000t\000o}{}% 17
\BOOKMARK [1][-]{section.18}{\376\377\000g\000r\000a\000f\000i\000c\000o\000\040\000k\000p\000\040\000r\000e\000a\000z\000i\000o\000n\000e}{}% 18
\BOOKMARK [1][-]{section.19}{\376\377\000d\000i\000m\000e\000n\000s\000i\000o\000n\000a\000m\000e\000n\000t\000o\000\040\000r\000a\000t\000e\000a\000u\000\040\000p\000i\000a\000n\000o\000\040\000m\000e\000r\000i\000d\000i\000a\000n\000o}{}% 19
\BOOKMARK [1][-]{section.20}{\376\377\000P\000A\000R\000Z\000I\000A\000L\000I\000Z\000Z\000A\000Z\000I\000O\000N\000E\000\040}{}% 20
\BOOKMARK [1][-]{section.21}{\376\377\000R\000a\000t\000e\000a\000u\000\040\000a\000s\000i\000m\000m\000e\000t\000r\000i\000c\000o}{}% 21
\BOOKMARK [1][-]{section.22}{\376\377\000T\000r\000i\000a\000n\000g\000o\000l\000o\000\040\000v\000o\000l\000u\000t\000o\000\040}{}% 22
\BOOKMARK [1][-]{section.23}{\376\377\000P\000O\000S\000T\000\040\000P\000A\000R\000Z\000I\000A\000L\000I\000Z\000Z\000A\000I\000O\000N\000E\000\040\000t\000r\000i\000a\000n\000g\000o\000l\000i\000\040\000d\000i\000\040\000v\000e\000l\000o\000c\000i\000t\000\340\000\040\000r\000a\000t\000e\000a\000u\000\040\000o\000t\000t\000i\000m\000i\000z\000z\000a\000t\000o}{}% 23
\BOOKMARK [1][-]{section.24}{\376\377\000C\000u\000r\000t\000i\000s\000\040\000-\000\040\000d\000i\000s\000e\000g\000n\000o}{}% 24
\BOOKMARK [1][-]{section.25}{\376\377\000C\000u\000r\000t\000i\000s\000\040\000-\000\040\000D\000i\000a\000g\000r\000a\000m\000m\000a}{}% 25
\BOOKMARK [1][-]{section.26}{\376\377\000C\000u\000r\000t\000i\000s\000\040\000-\000\040\000T\000r\000i\000a\000n\000g\000o\000l\000i\000\040\000d\000i\000\040\000v\000e\000l\000o\000c\000i\000t\000\340}{}% 26
\BOOKMARK [1][-]{section.27}{\376\377\000I\000r\000r\000e\000v\000e\000r\000s\000i\000b\000i\000l\000i\000t\000\340}{}% 27
\BOOKMARK [1][-]{section.28}{\376\377\000A\000z\000i\000o\000n\000e\000\040\000-\000\040\000d\000i\000a\000g\000r\000a\000m\000m\000a}{}% 28
\BOOKMARK [1][-]{section.29}{\376\377\000A\000z\000i\000o\000n\000e\000\040\000-\000\040\000g\000r\000a\000n\000d\000e\000z\000z\000e}{}% 29
\BOOKMARK [1][-]{section.30}{\376\377\000A\000z\000i\000o\000n\000e\000\040\000-\000\040\000T\000r\000i\000a\000n\000g\000o\000l\000i}{}% 30
\BOOKMARK [1][-]{section.31}{\376\377\000S\000v\000e\000r\000g\000o\000l\000a\000m\000e\000n\000t\000o}{}% 31
\BOOKMARK [1][-]{section.32}{\376\377\000A\000r\000c\000h\000i\000t\000e\000t\000t\000u\000r\000a\000\040\000t\000u\000r\000b\000i\000n\000e}{}% 32
